Arguments: 
  /home/iris/.nvm/versions/node/v9.11.1/bin/node /usr/bin/yarn

PATH: 
  /home/iris/.nvm/versions/node/v9.11.1/bin:/usr/local/sbin:/usr/local/bin:/usr/bin:/usr/bin/site_perl:/usr/bin/vendor_perl:/usr/bin/core_perl:/usr/bin/site_perl:/usr/bin/vendor_perl:/usr/bin/core_perl:/home/iris/.rvm/bin:/home/iris/go/bin

Yarn version: 
  1.5.1

Node version: 
  9.11.1

Platform: 
  linux x64

npm manifest: 
  {
    "name": "node-heroku-crons",
    "version": "1.0.0",
    "description": "Sample cron jobs run in heroku.",
    "main": "dist/index.js",
    "author": "Martin Musale <martinmshale@gmail.com>",
    "license": "MIT",
    "private": false,
    "scripts": {
      "prestart": "tsc",
      "start": "NODE_ENV=production node dist/index.js",
      "test": "NODE_ENV=test PORT=5001 jest --forceExit",
      "nodemon": "nodemon --watch dist/index.js",
      "dev": "NODE_ENV=development tsc -w & nodemon",
      "tsc": "tsc"
    },
    "engines": {
      "node": "8.11.1",
      "npm": "5.6.0"
    },
    "dependencies": {
      "@types/body-parser": "^1.16.8",
      "@types/express": "^4.11.1",
      "@types/jest": "^22.2.2",
      "@types/node": "^7.0.60",
      "async": "^2.6.0",
      "bcrypt": "^1.0.3",
      "bluebird": "^3.5.1",
      "cors": "^2.8.4",
      "eelog": "^1.3.0",
      "express": "^4.16.3",
      "jest": "^22.4.3",
      "ts-jest": "^22.4.2",
      "typescript": "^2.8.1"
    },
    "devDependencies": {
      "nodemon": "^1.12.1",
      "regenerator-runtime": "^0.11.0"
    },
    "jest": {
      "transform": {
        "^.+\\.tsx?$": "ts-jest"
      },
      "testRegex": "(/tests/.*|(\\.|/)(test|spec))\\.(jsx?|tsx?)$",
      "moduleFileExtensions": ["ts", "tsx", "js"]
    }
  }

yarn manifest: 
  No manifest

Lockfile: 
  No lockfile

Trace: 
  Error: Found incompatible module
      at new MessageError (/usr/lib/node_modules/yarn/lib/cli.js:186:110)
      at Object.checkOne (/usr/lib/node_modules/yarn/lib/cli.js:62444:11)
      at /usr/lib/node_modules/yarn/lib/cli.js:22773:75
      at Generator.next (<anonymous>)
      at step (/usr/lib/node_modules/yarn/lib/cli.js:98:30)
      at /usr/lib/node_modules/yarn/lib/cli.js:116:14
      at new Promise (<anonymous>)
      at new F (/usr/lib/node_modules/yarn/lib/cli.js:23451:28)
      at /usr/lib/node_modules/yarn/lib/cli.js:95:12
      at /usr/lib/node_modules/yarn/lib/cli.js:22777:27
